  input.cpp
  jello.cpp
C:\Users\bry15\AAA\study\USC\520\hw\hw1test\starter-csci520-assign1\starter-csci520-assign1\openGL-headers.h(5,10): error C1083: 无法打开包括文件: “GL/freeglut.h”: No such file or directory
  (编译源文件“input.cpp”)
  
C:\Users\bry15\AAA\study\USC\520\hw\hw1test\starter-csci520-assign1\starter-csci520-assign1\openGL-headers.h(5,10): error C1083: 无法打开包括文件: “GL/freeglut.h”: No such file or directory
  (编译源文件“jello.cpp”)
  
  physics.cpp
C:\Users\bry15\AAA\study\USC\520\hw\hw1test\starter-csci520-assign1\starter-csci520-assign1\openGL-headers.h(5,10): error C1083: 无法打开包括文件: “GL/freeglut.h”: No such file or directory
  (编译源文件“physics.cpp”)
  
  pic.cpp
C:\Users\bry15\AAA\study\USC\520\hw\hw1test\starter-csci520-assign1\starter-csci520-assign1\pic.cpp(55,15): error C4996: 'fopen': This function or variable may be unsafe. Consider using fopen_s instead. To disable deprecation, use _CRT_SECURE_NO_WARNINGS. See online help for details.
C:\Users\bry15\AAA\study\USC\520\hw\hw1test\starter-csci520-assign1\starter-csci520-assign1\pic.cpp(52,17): warning C4101: “byte”: 未引用的局部变量
C:\Users\bry15\AAA\study\USC\520\hw\hw1test\starter-csci520-assign1\starter-csci520-assign1\pic.cpp(53,9): warning C4101: “i”: 未引用的局部变量
  ppm.cpp
C:\Users\bry15\AAA\study\USC\520\hw\hw1test\starter-csci520-assign1\starter-csci520-assign1\ppm.cpp(47,15): error C4996: 'fopen': This function or variable may be unsafe. Consider using fopen_s instead. To disable deprecation, use _CRT_SECURE_NO_WARNINGS. See online help for details.
C:\Users\bry15\AAA\study\USC\520\hw\hw1test\starter-csci520-assign1\starter-csci520-assign1\ppm.cpp(57,9): error C4996: 'sscanf': This function or variable may be unsafe. Consider using sscanf_s instead. To disable deprecation, use _CRT_SECURE_NO_WARNINGS. See online help for details.
C:\Users\bry15\AAA\study\USC\520\hw\hw1test\starter-csci520-assign1\starter-csci520-assign1\ppm.cpp(58,2): error C4996: 'sscanf': This function or variable may be unsafe. Consider using sscanf_s instead. To disable deprecation, use _CRT_SECURE_NO_WARNINGS. See online help for details.
C:\Users\bry15\AAA\study\USC\520\hw\hw1test\starter-csci520-assign1\starter-csci520-assign1\ppm.cpp(80,15): error C4996: 'fopen': This function or variable may be unsafe. Consider using fopen_s instead. To disable deprecation, use _CRT_SECURE_NO_WARNINGS. See online help for details.
C:\Users\bry15\AAA\study\USC\520\hw\hw1test\starter-csci520-assign1\starter-csci520-assign1\ppm.cpp(91,9): error C4996: 'sscanf': This function or variable may be unsafe. Consider using sscanf_s instead. To disable deprecation, use _CRT_SECURE_NO_WARNINGS. See online help for details.
C:\Users\bry15\AAA\study\USC\520\hw\hw1test\starter-csci520-assign1\starter-csci520-assign1\ppm.cpp(92,2): error C4996: 'sscanf': This function or variable may be unsafe. Consider using sscanf_s instead. To disable deprecation, use _CRT_SECURE_NO_WARNINGS. See online help for details.
C:\Users\bry15\AAA\study\USC\520\hw\hw1test\starter-csci520-assign1\starter-csci520-assign1\ppm.cpp(93,2): error C4996: 'sscanf': This function or variable may be unsafe. Consider using sscanf_s instead. To disable deprecation, use _CRT_SECURE_NO_WARNINGS. See online help for details.
C:\Users\bry15\AAA\study\USC\520\hw\hw1test\starter-csci520-assign1\starter-csci520-assign1\ppm.cpp(130,11): error C4996: 'fopen': This function or variable may be unsafe. Consider using fopen_s instead. To disable deprecation, use _CRT_SECURE_NO_WARNINGS. See online help for details.
  showCube.cpp
C:\Users\bry15\AAA\study\USC\520\hw\hw1test\starter-csci520-assign1\starter-csci520-assign1\openGL-headers.h(5,10): error C1083: 无法打开包括文件: “GL/freeglut.h”: No such file or directory
  (编译源文件“showCube.cpp”)
  
  正在生成代码...
